<?xml version="1.0" encoding="UTF-8" ?>
<testsuite errors="0" failures="0" hostname="aca9002a.ipt.aol.com" name="korgeek.TestAllTests" tests="4" time="1.022" timestamp="2013-09-10T09:01:22">
  <properties>
[...]
</properties>
  <testcase classname="korgeek.aradon.common.let.TestDebugLet" name="testDebugGet" time="0.668" />
  <testcase classname="korgeek.aradon.common.let.TestDebugLet" name="testDebugPost" time="0.017" />
  <testcase classname="korgeek.aradon.common.let.TestFaviconLet" name="testFavicon" time="0.183" />
  <testcase classname="korgeek.aradon.common.let.TestFaviconLet" name="testFaviconAttribute" time="0.124" />
  <system-out><![CDATA[[Bye....... Aradon] by net.ion.radon.core.Aradon:destorySelf[20130910-160122]
[Bye....... Aradon] by net.ion.radon.core.Aradon:destorySelf[20130910-160122]
[favicon from getResourceAsStream] by korgeek.aradon.common.let.FaviconLet:setFavicon[20130910-160122]
[Bye....... Aradon] by net.ion.radon.core.Aradon:destorySelf[20130910-160123]
[favicon from Attribute] by korgeek.aradon.common.let.FaviconLet:setFavicon[20130910-160123]
[Bye....... Aradon] by net.ion.radon.core.Aradon:destorySelf[20130910-160123]
]]></system-out>
  <system-err><![CDATA[[[PORT, 58585]] by net.ion.nradon.netty.NettyWebServer$1:call[20130910-160122]
Sep 10, 2013 4:01:22 PM org.restlet.ext.httpclient.HttpClientHelper start
INFO: Starting the Apache HTTP client
log4j:WARN No appenders could be found for logger (org.apache.http.impl.conn.tsccm.ThreadSafeClientConnManager).
log4j:WARN Please initialize the log4j system properly.
log4j:WARN See http://logging.apache.org/log4j/1.2/faq.html#noconfig for more info.
Sep 10, 2013 4:01:22 PM org.restlet.engine.log.LogFilter afterHandle
INFO: 2013-09-10	16:01:22	127.0.0.1	anony	-	-1	GET	/debug/debug	test=1234&	200	461	0	75	-	Restlet-Framework/2.1rc5	-
Sep 10, 2013 4:01:22 PM net.ion.radon.core.Aradon destorySelf
WARNING: aradon server stoped
[[PORT, 58585]] by net.ion.nradon.netty.NettyWebServer$1:call[20130910-160122]
Sep 10, 2013 4:01:22 PM org.restlet.engine.log.LogFilter afterHandle
INFO: 2013-09-10	16:01:22	127.0.0.1	anony	-	-1	POST	/debug/debug		200	569	24	3	-	Restlet-Framework/2.1rc5	-
Sep 10, 2013 4:01:22 PM net.ion.radon.core.Aradon destorySelf
WARNING: aradon server stoped
[[PORT, 58585]] by net.ion.nradon.netty.NettyWebServer$1:call[20130910-160122]
[[PORT, 58585]] by net.ion.nradon.netty.NettyWebServer$1:call[20130910-160122]
Sep 10, 2013 4:01:22 PM org.restlet.engine.log.LogFilter afterHandle
INFO: 2013-09-10	16:01:22	127.0.0.1	anony	-	-1	DELETE	/favicon.ico		200	14	0	1	-	Restlet-Framework/2.1rc5	-
Sep 10, 2013 4:01:22 PM org.restlet.engine.log.LogFilter afterHandle
INFO: 2013-09-10	16:01:22	127.0.0.1	anony	-	-1	GET	/favicon.ico		200	-	0	2	-	Restlet-Framework/2.1rc5	-
Sep 10, 2013 4:01:23 PM org.restlet.engine.log.LogFilter afterHandle
INFO: 2013-09-10	16:01:23	127.0.0.1	anony	-	-1	GET	/favicon.ico		200	-	0	1	-	Restlet-Framework/2.1rc5	-
Sep 10, 2013 4:01:23 PM org.restlet.engine.log.LogFilter afterHandle
INFO: 2013-09-10	16:01:23	127.0.0.1	anony	-	-1	GET	/favicon.ico		200	-	0	1	-	Restlet-Framework/2.1rc5	-
Sep 10, 2013 4:01:23 PM org.restlet.engine.log.LogFilter afterHandle
INFO: 2013-09-10	16:01:23	127.0.0.1	anony	-	-1	GET	/favicon.ico		200	-	0	0	-	Restlet-Framework/2.1rc5	-
Sep 10, 2013 4:01:23 PM org.restlet.engine.log.LogFilter afterHandle
INFO: 2013-09-10	16:01:23	127.0.0.1	anony	-	-1	GET	/favicon.ico		200	-	0	0	-	Restlet-Framework/2.1rc5	-
Sep 10, 2013 4:01:23 PM net.ion.radon.core.Aradon destorySelf
WARNING: aradon server stoped
[[PORT, 58585]] by net.ion.nradon.netty.NettyWebServer$1:call[20130910-160123]
[[PORT, 58585]] by net.ion.nradon.netty.NettyWebServer$1:call[20130910-160123]
Sep 10, 2013 4:01:23 PM org.restlet.engine.log.LogFilter afterHandle
INFO: 2013-09-10	16:01:23	127.0.0.1	anony	-	-1	DELETE	/favicon.ico		200	14	0	1	-	Restlet-Framework/2.1rc5	-
Sep 10, 2013 4:01:23 PM org.restlet.engine.log.LogFilter afterHandle
INFO: 2013-09-10	16:01:23	127.0.0.1	anony	-	-1	GET	/favicon.ico		200	-	0	1	-	Restlet-Framework/2.1rc5	-
Sep 10, 2013 4:01:23 PM org.restlet.engine.log.LogFilter afterHandle
INFO: 2013-09-10	16:01:23	127.0.0.1	anony	-	-1	GET	/favicon.ico		200	-	0	1	-	Restlet-Framework/2.1rc5	-
Sep 10, 2013 4:01:23 PM org.restlet.engine.log.LogFilter afterHandle
INFO: 2013-09-10	16:01:23	127.0.0.1	anony	-	-1	GET	/favicon.ico		200	-	0	0	-	Restlet-Framework/2.1rc5	-
Sep 10, 2013 4:01:23 PM org.restlet.engine.log.LogFilter afterHandle
INFO: 2013-09-10	16:01:23	127.0.0.1	anony	-	-1	GET	/favicon.ico		200	-	0	0	-	Restlet-Framework/2.1rc5	-
Sep 10, 2013 4:01:23 PM org.restlet.engine.log.LogFilter afterHandle
INFO: 2013-09-10	16:01:23	127.0.0.1	anony	-	-1	GET	/favicon.ico		200	-	0	1	-	Restlet-Framework/2.1rc5	-
Sep 10, 2013 4:01:23 PM net.ion.radon.core.Aradon destorySelf
WARNING: aradon server stoped
]]></system-err>
</testsuite>
