<?xml version="1.0" encoding="UTF-8" ?>
<testsuite errors="0" failures="0" hostname="aca9002a.ipt.aol.com" name="korgeek.TestAllTests" tests="12" time="1.333" timestamp="2013-09-10T09:01:51">
  <properties>
[...]
</properties>
  <testcase classname="korgeek.util.TestCodeUtil" name="testEncode36" time="0.0030" />
  <testcase classname="korgeek.util.TestCodeUtil" name="testDecode36" time="0.035" />
  <testcase classname="korgeek.util.TestCodeUtil" name="testEncrypt" time="0.155" />
  <testcase classname="korgeek.util.TestDateFormatUtil" name="testToFormatAndDate" time="0.0040" />
  <testcase classname="korgeek.util.TestDateFormatUtil" name="testSimpleTo" time="0.0" />
  <testcase classname="korgeek.util.TestDebug" name="testDebug" time="0.0010" />
  <testcase classname="korgeek.util.TestGeoUtil" name="testGetAddress" time="1.099" />
  <testcase classname="korgeek.util.TestJunitUtil" name="testIsTestCase" time="0.0" />
  <testcase classname="korgeek.util.TestJunitUtil" name="testGetAradonRoot" time="0.0010" />
  <testcase classname="korgeek.util.TestListUtil" name="testCreate" time="0.0" />
  <testcase classname="korgeek.util.TestListUtil" name="testLimitSizeList" time="0.0010" />
  <testcase classname="korgeek.util.TestMapUtil" name="testCreate" time="0.0" />
  <system-out><![CDATA[[DEBUG 2013-09-10T16:01:51][ah494gtruu68]	at korgeek.util.TestCodeUtil.testEncode36 (TestCodeUtil.java:13) 
[DEBUG 2013-09-10T16:01:51][zik0zj]	at korgeek.util.TestCodeUtil.testEncode36 (TestCodeUtil.java:14) 
[DEBUG 2013-09-10T16:01:51][43cfd1bf2e322089de2a324311391f5b]	at korgeek.util.TestCodeUtil.testDecode36 (TestCodeUtil.java:28) 
[DEBUG 2013-09-10T16:01:51][3b9b587ca5d436543d153a36e51a42d5]	at korgeek.util.TestCodeUtil.testDecode36 (TestCodeUtil.java:29) 
[DEBUG 2013-09-10T16:01:51][uvKBaGtcQxibFjaZy+6Lmk5hjBIlJk7TSI4TnrhfRjubsETbSET2UQRG8NGD0Llx]	at korgeek.util.TestCodeUtil.testEncrypt (TestCodeUtil.java:41) 
[DEBUG 2013-09-10T16:01:52][20130910-160151, Tue Sep 10 16:01:51 WIT 2013]	at korgeek.util.TestDateFormatUtil.testToFormatAndDate (TestDateFormatUtil.java:14) 
[DEBUG 2013-09-10T16:01:52][Debug Test, 1, 1]	at korgeek.util.TestDebug.testDebug (TestDebug.java:9) 
[DEBUG 2013-09-10T16:01:52][Debug Test]	at korgeek.util.TestDebug.testDebug (TestDebug.java:10) 
[DEBUG 2013-09-10T16:01:53][/Users/jinik/dev/workspace/git/korgeek/korgeek.util/.]	at korgeek.util.TestJunitUtil.testGetAradonRoot (TestJunitUtil.java:16) 
[90, 91, 92, 93, 94, 95, 96, 97, 98, 99]
]]></system-out>
  <system-err><![CDATA[]]></system-err>
</testsuite>
