<?xml version="1.0" encoding="UTF-8" ?>
<testsuite errors="0" failures="0" hostname="jiniks-MacBook-Pro.local" name="korgeek.TestAllTests" tests="16" time="1.793" timestamp="2013-10-02T11:06:22">
  <properties>
[...]
</properties>
  <testcase classname="korgeek.util.TestCodeUtil" name="testRandomCode" time="0.0030" />
  <testcase classname="korgeek.util.TestCodeUtil" name="testUniqueKey" time="0.029" />
  <testcase classname="korgeek.util.TestCodeUtil" name="testEncode36" time="0.0020" />
  <testcase classname="korgeek.util.TestCodeUtil" name="testDecode36" time="0.0070" />
  <testcase classname="korgeek.util.TestCodeUtil" name="testEncrypt" time="0.173" />
  <testcase classname="korgeek.util.TestCodeUtil" name="testPassword" time="0.0010" />
  <testcase classname="korgeek.util.TestCodeUtil" name="testFileName" time="0.0020" />
  <testcase classname="korgeek.util.TestDateFormatUtil" name="testToFormatAndDate" time="0.0050" />
  <testcase classname="korgeek.util.TestDateFormatUtil" name="testSimpleTo" time="0.0010" />
  <testcase classname="korgeek.util.TestDebug" name="testDebug" time="0.0010" />
  <testcase classname="korgeek.util.TestGeoUtil" name="testrGetAddress" time="1.532" />
  <testcase classname="korgeek.util.TestJunitUtil" name="testIsTestCase" time="0.0" />
  <testcase classname="korgeek.util.TestJunitUtil" name="testGetAradonRoot" time="0.0" />
  <testcase classname="korgeek.util.TestListUtil" name="testCreate" time="0.0" />
  <testcase classname="korgeek.util.TestListUtil" name="testLimitSizeList" time="0.0" />
  <testcase classname="korgeek.util.TestMapUtil" name="testCreate" time="0.0010" />
  <system-out><![CDATA[[DEBUG 2013-10-02T18:06:22][ahn1jsc87otc]	at korgeek.util.TestCodeUtil.testEncode36 (TestCodeUtil.java:37) 
[DEBUG 2013-10-02T18:06:22][zik0zj]	at korgeek.util.TestCodeUtil.testEncode36 (TestCodeUtil.java:38) 
[DEBUG 2013-10-02T18:06:22][43cfd1bf2e322089de2a324311391f5b]	at korgeek.util.TestCodeUtil.testDecode36 (TestCodeUtil.java:52) 
[DEBUG 2013-10-02T18:06:22][3b9b587ca5d436543d153a36e51a42d5]	at korgeek.util.TestCodeUtil.testDecode36 (TestCodeUtil.java:53) 
[DEBUG 2013-10-02T18:06:22][uvKBaGtcQxibFjaZy+6Lmk5hjBIlJk7TSI4TnrhfRjubsETbSET2UQRG8NGD0Llx]	at korgeek.util.TestCodeUtil.testEncrypt (TestCodeUtil.java:65) 
[DEBUG 2013-10-02T18:06:22][de/db/27/d7/79/f4/f5/c1/dedb27d779f4f5c15f3eaa5bb0c34386.png]	at korgeek.util.TestCodeUtil.testFileName (TestCodeUtil.java:88) 
[DEBUG 2013-10-02T18:06:22][85/eb/77/24/2c/ba/9c/00/85eb77242cba9c005fcf484ea12b28ae.png]	at korgeek.util.TestCodeUtil.testFileName (TestCodeUtil.java:89) 
[DEBUG 2013-10-02T18:06:22][85/eb/77/24/2c/ba/9c/00/85eb77242cba9c005fcf484ea12b28ae.png]	at korgeek.util.TestCodeUtil.testFileName (TestCodeUtil.java:90) 
[DEBUG 2013-10-02T18:06:22][20131002-180622, Wed Oct 02 18:06:22 WIT 2013]	at korgeek.util.TestDateFormatUtil.testToFormatAndDate (TestDateFormatUtil.java:14) 
[DEBUG 2013-10-02T18:06:22][Debug Test, 1, 1]	at korgeek.util.TestDebug.testDebug (TestDebug.java:9) 
[DEBUG 2013-10-02T18:06:22][Debug Test]	at korgeek.util.TestDebug.testDebug (TestDebug.java:10) 
[DEBUG 2013-10-02T18:06:23][Jalan Jenderal Sudirman No.Kav 44-46, Tanahabang, Central Jakarta City, Jakarta 10210, Indonesia]	at korgeek.util.TestGeoUtil.testrGetAddress (TestGeoUtil.java:12) 
[DEBUG 2013-10-02T18:06:24][/Users/jinik/dev/workspace/git/korgeek/korgeek.util/.]	at korgeek.util.TestJunitUtil.testGetAradonRoot (TestJunitUtil.java:16) 
[90, 91, 92, 93, 94, 95, 96, 97, 98, 99]
]]></system-out>
  <system-err><![CDATA[]]></system-err>
</testsuite>
